<?xml version="1.0" encoding="UTF-8"?>
<testsuite xmlns:xsi="http://www.w3.org/2001/XMLSchema-instance" xsi:noNamespaceSchemaLocation="https://maven.apache.org/surefire/maven-surefire-plugin/xsd/surefire-test-report.xsd" name="com.my.example.SpringbootMybatisApplicationTests" time="4.906" tests="1" errors="0" skipped="0" failures="0">
  <properties>
    <property name="sun.desktop" value="windows"/>
    <property name="awt.toolkit" value="sun.awt.windows.WToolkit"/>
    <property name="file.encoding.pkg" value="sun.io"/>
    <property name="java.specification.version" value="1.8"/>
    <property name="sun.cpu.isalist" value="pentium_pro+mmx pentium_pro pentium+mmx pentium i486 i386 i86"/>
    <property name="sun.jnu.encoding" value="GBK"/>
    <property name="java.class.path" value="E:\project\my-springboot\springboot-mybatis-xml\target\test-classes;E:\project\my-springboot\springboot-mybatis-xml\target\classes;D:\software\maven\reposity\org\springframework\boot\spring-boot-starter-web\2.0.4.RELEASE\spring-boot-starter-web-2.0.4.RELEASE.jar;D:\software\maven\reposity\org\springframework\boot\spring-boot-starter\2.0.4.RELEASE\spring-boot-starter-2.0.4.RELEASE.jar;D:\software\maven\reposity\org\springframework\boot\spring-boot\2.0.4.RELEASE\spring-boot-2.0.4.RELEASE.jar;D:\software\maven\reposity\org\springframework\boot\spring-boot-autoconfigure\2.0.4.RELEASE\spring-boot-autoconfigure-2.0.4.RELEASE.jar;D:\software\maven\reposity\org\springframework\boot\spring-boot-starter-logging\2.0.4.RELEASE\spring-boot-starter-logging-2.0.4.RELEASE.jar;D:\software\maven\reposity\ch\qos\logback\logback-classic\1.2.3\logback-classic-1.2.3.jar;D:\software\maven\reposity\ch\qos\logback\logback-core\1.2.3\logback-core-1.2.3.jar;D:\software\maven\reposity\org\apache\logging\log4j\log4j-to-slf4j\2.10.0\log4j-to-slf4j-2.10.0.jar;D:\software\maven\reposity\org\apache\logging\log4j\log4j-api\2.10.0\log4j-api-2.10.0.jar;D:\software\maven\reposity\org\slf4j\jul-to-slf4j\1.7.25\jul-to-slf4j-1.7.25.jar;D:\software\maven\reposity\javax\annotation\javax.annotation-api\1.3.2\javax.annotation-api-1.3.2.jar;D:\software\maven\reposity\org\yaml\snakeyaml\1.19\snakeyaml-1.19.jar;D:\software\maven\reposity\org\springframework\boot\spring-boot-starter-json\2.0.4.RELEASE\spring-boot-starter-json-2.0.4.RELEASE.jar;D:\software\maven\reposity\com\fasterxml\jackson\core\jackson-databind\2.9.6\jackson-databind-2.9.6.jar;D:\software\maven\reposity\com\fasterxml\jackson\core\jackson-annotations\2.9.0\jackson-annotations-2.9.0.jar;D:\software\maven\reposity\com\fasterxml\jackson\core\jackson-core\2.9.6\jackson-core-2.9.6.jar;D:\software\maven\reposity\com\fasterxml\jackson\datatype\jackson-datatype-jdk8\2.9.6\jackson-datatype-jdk8-2.9.6.jar;D:\software\maven\reposity\com\fasterxml\jackson\datatype\jackson-datatype-jsr310\2.9.6\jackson-datatype-jsr310-2.9.6.jar;D:\software\maven\reposity\com\fasterxml\jackson\module\jackson-module-parameter-names\2.9.6\jackson-module-parameter-names-2.9.6.jar;D:\software\maven\reposity\org\springframework\boot\spring-boot-starter-tomcat\2.0.4.RELEASE\spring-boot-starter-tomcat-2.0.4.RELEASE.jar;D:\software\maven\reposity\org\apache\tomcat\embed\tomcat-embed-core\8.5.32\tomcat-embed-core-8.5.32.jar;D:\software\maven\reposity\org\apache\tomcat\embed\tomcat-embed-el\8.5.32\tomcat-embed-el-8.5.32.jar;D:\software\maven\reposity\org\apache\tomcat\embed\tomcat-embed-websocket\8.5.32\tomcat-embed-websocket-8.5.32.jar;D:\software\maven\reposity\org\hibernate\validator\hibernate-validator\6.0.11.Final\hibernate-validator-6.0.11.Final.jar;D:\software\maven\reposity\javax\validation\validation-api\2.0.1.Final\validation-api-2.0.1.Final.jar;D:\software\maven\reposity\org\jboss\logging\jboss-logging\3.3.2.Final\jboss-logging-3.3.2.Final.jar;D:\software\maven\reposity\com\fasterxml\classmate\1.3.4\classmate-1.3.4.jar;D:\software\maven\reposity\org\springframework\spring-web\5.0.8.RELEASE\spring-web-5.0.8.RELEASE.jar;D:\software\maven\reposity\org\springframework\spring-beans\5.0.8.RELEASE\spring-beans-5.0.8.RELEASE.jar;D:\software\maven\reposity\org\springframework\spring-webmvc\5.0.8.RELEASE\spring-webmvc-5.0.8.RELEASE.jar;D:\software\maven\reposity\org\springframework\spring-aop\5.0.8.RELEASE\spring-aop-5.0.8.RELEASE.jar;D:\software\maven\reposity\org\springframework\spring-context\5.0.8.RELEASE\spring-context-5.0.8.RELEASE.jar;D:\software\maven\reposity\org\springframework\spring-expression\5.0.8.RELEASE\spring-expression-5.0.8.RELEASE.jar;D:\software\maven\reposity\org\mybatis\spring\boot\mybatis-spring-boot-starter\1.3.2\mybatis-spring-boot-starter-1.3.2.jar;D:\software\maven\reposity\org\springframework\boot\spring-boot-starter-jdbc\2.0.4.RELEASE\spring-boot-starter-jdbc-2.0.4.RELEASE.jar;D:\software\maven\reposity\com\zaxxer\HikariCP\2.7.9\HikariCP-2.7.9.jar;D:\software\maven\reposity\org\springframework\spring-jdbc\5.0.8.RELEASE\spring-jdbc-5.0.8.RELEASE.jar;D:\software\maven\reposity\org\springframework\spring-tx\5.0.8.RELEASE\spring-tx-5.0.8.RELEASE.jar;D:\software\maven\reposity\org\mybatis\spring\boot\mybatis-spring-boot-autoconfigure\1.3.2\mybatis-spring-boot-autoconfigure-1.3.2.jar;D:\software\maven\reposity\org\mybatis\mybatis\3.4.6\mybatis-3.4.6.jar;D:\software\maven\reposity\org\mybatis\mybatis-spring\1.3.2\mybatis-spring-1.3.2.jar;D:\software\maven\reposity\mysql\mysql-connector-java\5.1.46\mysql-connector-java-5.1.46.jar;D:\software\maven\reposity\org\projectlombok\lombok\1.16.22\lombok-1.16.22.jar;D:\software\maven\reposity\org\springframework\boot\spring-boot-starter-test\2.0.4.RELEASE\spring-boot-starter-test-2.0.4.RELEASE.jar;D:\software\maven\reposity\org\springframework\boot\spring-boot-test\2.0.4.RELEASE\spring-boot-test-2.0.4.RELEASE.jar;D:\software\maven\reposity\org\springframework\boot\spring-boot-test-autoconfigure\2.0.4.RELEASE\spring-boot-test-autoconfigure-2.0.4.RELEASE.jar;D:\software\maven\reposity\com\jayway\jsonpath\json-path\2.4.0\json-path-2.4.0.jar;D:\software\maven\reposity\net\minidev\json-smart\2.3\json-smart-2.3.jar;D:\software\maven\reposity\net\minidev\accessors-smart\1.2\accessors-smart-1.2.jar;D:\software\maven\reposity\org\ow2\asm\asm\5.0.4\asm-5.0.4.jar;D:\software\maven\reposity\org\slf4j\slf4j-api\1.7.25\slf4j-api-1.7.25.jar;D:\software\maven\reposity\junit\junit\4.12\junit-4.12.jar;D:\software\maven\reposity\org\assertj\assertj-core\3.9.1\assertj-core-3.9.1.jar;D:\software\maven\reposity\org\mockito\mockito-core\2.15.0\mockito-core-2.15.0.jar;D:\software\maven\reposity\net\bytebuddy\byte-buddy\1.7.11\byte-buddy-1.7.11.jar;D:\software\maven\reposity\net\bytebuddy\byte-buddy-agent\1.7.11\byte-buddy-agent-1.7.11.jar;D:\software\maven\reposity\org\objenesis\objenesis\2.6\objenesis-2.6.jar;D:\software\maven\reposity\org\hamcrest\hamcrest-core\1.3\hamcrest-core-1.3.jar;D:\software\maven\reposity\org\hamcrest\hamcrest-library\1.3\hamcrest-library-1.3.jar;D:\software\maven\reposity\org\skyscreamer\jsonassert\1.5.0\jsonassert-1.5.0.jar;D:\software\maven\reposity\com\vaadin\external\google\android-json\0.0.20131108.vaadin1\android-json-0.0.20131108.vaadin1.jar;D:\software\maven\reposity\org\springframework\spring-core\5.0.8.RELEASE\spring-core-5.0.8.RELEASE.jar;D:\software\maven\reposity\org\springframework\spring-jcl\5.0.8.RELEASE\spring-jcl-5.0.8.RELEASE.jar;D:\software\maven\reposity\org\springframework\spring-test\5.0.8.RELEASE\spring-test-5.0.8.RELEASE.jar;D:\software\maven\reposity\org\xmlunit\xmlunit-core\2.5.1\xmlunit-core-2.5.1.jar;"/>
    <property name="java.vm.vendor" value="Oracle Corporation"/>
    <property name="sun.arch.data.model" value="32"/>
    <property name="user.variant" value=""/>
    <property name="java.vendor.url" value="http://java.oracle.com/"/>
    <property name="user.timezone" value=""/>
    <property name="java.vm.specification.version" value="1.8"/>
    <property name="os.name" value="Windows 7"/>
    <property name="user.country" value="CN"/>
    <property name="sun.java.launcher" value="SUN_STANDARD"/>
    <property name="sun.boot.library.path" value="D:\Program Files\Java\jdk1.8.0_144\jre\bin"/>
    <property name="sun.java.command" value="C:\Users\CHENMI~1\AppData\Local\Temp\surefire4840315408825780992\surefirebooter8852640711564485601.jar C:\Users\chenmingyu\AppData\Local\Temp\surefire4840315408825780992 2018-11-11T01-49-26_093-jvmRun1 surefire3902528186920404443tmp surefire_01216052894087562975tmp"/>
    <property name="surefire.test.class.path" value="E:\project\my-springboot\springboot-mybatis-xml\target\test-classes;E:\project\my-springboot\springboot-mybatis-xml\target\classes;D:\software\maven\reposity\org\springframework\boot\spring-boot-starter-web\2.0.4.RELEASE\spring-boot-starter-web-2.0.4.RELEASE.jar;D:\software\maven\reposity\org\springframework\boot\spring-boot-starter\2.0.4.RELEASE\spring-boot-starter-2.0.4.RELEASE.jar;D:\software\maven\reposity\org\springframework\boot\spring-boot\2.0.4.RELEASE\spring-boot-2.0.4.RELEASE.jar;D:\software\maven\reposity\org\springframework\boot\spring-boot-autoconfigure\2.0.4.RELEASE\spring-boot-autoconfigure-2.0.4.RELEASE.jar;D:\software\maven\reposity\org\springframework\boot\spring-boot-starter-logging\2.0.4.RELEASE\spring-boot-starter-logging-2.0.4.RELEASE.jar;D:\software\maven\reposity\ch\qos\logback\logback-classic\1.2.3\logback-classic-1.2.3.jar;D:\software\maven\reposity\ch\qos\logback\logback-core\1.2.3\logback-core-1.2.3.jar;D:\software\maven\reposity\org\apache\logging\log4j\log4j-to-slf4j\2.10.0\log4j-to-slf4j-2.10.0.jar;D:\software\maven\reposity\org\apache\logging\log4j\log4j-api\2.10.0\log4j-api-2.10.0.jar;D:\software\maven\reposity\org\slf4j\jul-to-slf4j\1.7.25\jul-to-slf4j-1.7.25.jar;D:\software\maven\reposity\javax\annotation\javax.annotation-api\1.3.2\javax.annotation-api-1.3.2.jar;D:\software\maven\reposity\org\yaml\snakeyaml\1.19\snakeyaml-1.19.jar;D:\software\maven\reposity\org\springframework\boot\spring-boot-starter-json\2.0.4.RELEASE\spring-boot-starter-json-2.0.4.RELEASE.jar;D:\software\maven\reposity\com\fasterxml\jackson\core\jackson-databind\2.9.6\jackson-databind-2.9.6.jar;D:\software\maven\reposity\com\fasterxml\jackson\core\jackson-annotations\2.9.0\jackson-annotations-2.9.0.jar;D:\software\maven\reposity\com\fasterxml\jackson\core\jackson-core\2.9.6\jackson-core-2.9.6.jar;D:\software\maven\reposity\com\fasterxml\jackson\datatype\jackson-datatype-jdk8\2.9.6\jackson-datatype-jdk8-2.9.6.jar;D:\software\maven\reposity\com\fasterxml\jackson\datatype\jackson-datatype-jsr310\2.9.6\jackson-datatype-jsr310-2.9.6.jar;D:\software\maven\reposity\com\fasterxml\jackson\module\jackson-module-parameter-names\2.9.6\jackson-module-parameter-names-2.9.6.jar;D:\software\maven\reposity\org\springframework\boot\spring-boot-starter-tomcat\2.0.4.RELEASE\spring-boot-starter-tomcat-2.0.4.RELEASE.jar;D:\software\maven\reposity\org\apache\tomcat\embed\tomcat-embed-core\8.5.32\tomcat-embed-core-8.5.32.jar;D:\software\maven\reposity\org\apache\tomcat\embed\tomcat-embed-el\8.5.32\tomcat-embed-el-8.5.32.jar;D:\software\maven\reposity\org\apache\tomcat\embed\tomcat-embed-websocket\8.5.32\tomcat-embed-websocket-8.5.32.jar;D:\software\maven\reposity\org\hibernate\validator\hibernate-validator\6.0.11.Final\hibernate-validator-6.0.11.Final.jar;D:\software\maven\reposity\javax\validation\validation-api\2.0.1.Final\validation-api-2.0.1.Final.jar;D:\software\maven\reposity\org\jboss\logging\jboss-logging\3.3.2.Final\jboss-logging-3.3.2.Final.jar;D:\software\maven\reposity\com\fasterxml\classmate\1.3.4\classmate-1.3.4.jar;D:\software\maven\reposity\org\springframework\spring-web\5.0.8.RELEASE\spring-web-5.0.8.RELEASE.jar;D:\software\maven\reposity\org\springframework\spring-beans\5.0.8.RELEASE\spring-beans-5.0.8.RELEASE.jar;D:\software\maven\reposity\org\springframework\spring-webmvc\5.0.8.RELEASE\spring-webmvc-5.0.8.RELEASE.jar;D:\software\maven\reposity\org\springframework\spring-aop\5.0.8.RELEASE\spring-aop-5.0.8.RELEASE.jar;D:\software\maven\reposity\org\springframework\spring-context\5.0.8.RELEASE\spring-context-5.0.8.RELEASE.jar;D:\software\maven\reposity\org\springframework\spring-expression\5.0.8.RELEASE\spring-expression-5.0.8.RELEASE.jar;D:\software\maven\reposity\org\mybatis\spring\boot\mybatis-spring-boot-starter\1.3.2\mybatis-spring-boot-starter-1.3.2.jar;D:\software\maven\reposity\org\springframework\boot\spring-boot-starter-jdbc\2.0.4.RELEASE\spring-boot-starter-jdbc-2.0.4.RELEASE.jar;D:\software\maven\reposity\com\zaxxer\HikariCP\2.7.9\HikariCP-2.7.9.jar;D:\software\maven\reposity\org\springframework\spring-jdbc\5.0.8.RELEASE\spring-jdbc-5.0.8.RELEASE.jar;D:\software\maven\reposity\org\springframework\spring-tx\5.0.8.RELEASE\spring-tx-5.0.8.RELEASE.jar;D:\software\maven\reposity\org\mybatis\spring\boot\mybatis-spring-boot-autoconfigure\1.3.2\mybatis-spring-boot-autoconfigure-1.3.2.jar;D:\software\maven\reposity\org\mybatis\mybatis\3.4.6\mybatis-3.4.6.jar;D:\software\maven\reposity\org\mybatis\mybatis-spring\1.3.2\mybatis-spring-1.3.2.jar;D:\software\maven\reposity\mysql\mysql-connector-java\5.1.46\mysql-connector-java-5.1.46.jar;D:\software\maven\reposity\org\projectlombok\lombok\1.16.22\lombok-1.16.22.jar;D:\software\maven\reposity\org\springframework\boot\spring-boot-starter-test\2.0.4.RELEASE\spring-boot-starter-test-2.0.4.RELEASE.jar;D:\software\maven\reposity\org\springframework\boot\spring-boot-test\2.0.4.RELEASE\spring-boot-test-2.0.4.RELEASE.jar;D:\software\maven\reposity\org\springframework\boot\spring-boot-test-autoconfigure\2.0.4.RELEASE\spring-boot-test-autoconfigure-2.0.4.RELEASE.jar;D:\software\maven\reposity\com\jayway\jsonpath\json-path\2.4.0\json-path-2.4.0.jar;D:\software\maven\reposity\net\minidev\json-smart\2.3\json-smart-2.3.jar;D:\software\maven\reposity\net\minidev\accessors-smart\1.2\accessors-smart-1.2.jar;D:\software\maven\reposity\org\ow2\asm\asm\5.0.4\asm-5.0.4.jar;D:\software\maven\reposity\org\slf4j\slf4j-api\1.7.25\slf4j-api-1.7.25.jar;D:\software\maven\reposity\junit\junit\4.12\junit-4.12.jar;D:\software\maven\reposity\org\assertj\assertj-core\3.9.1\assertj-core-3.9.1.jar;D:\software\maven\reposity\org\mockito\mockito-core\2.15.0\mockito-core-2.15.0.jar;D:\software\maven\reposity\net\bytebuddy\byte-buddy\1.7.11\byte-buddy-1.7.11.jar;D:\software\maven\reposity\net\bytebuddy\byte-buddy-agent\1.7.11\byte-buddy-agent-1.7.11.jar;D:\software\maven\reposity\org\objenesis\objenesis\2.6\objenesis-2.6.jar;D:\software\maven\reposity\org\hamcrest\hamcrest-core\1.3\hamcrest-core-1.3.jar;D:\software\maven\reposity\org\hamcrest\hamcrest-library\1.3\hamcrest-library-1.3.jar;D:\software\maven\reposity\org\skyscreamer\jsonassert\1.5.0\jsonassert-1.5.0.jar;D:\software\maven\reposity\com\vaadin\external\google\android-json\0.0.20131108.vaadin1\android-json-0.0.20131108.vaadin1.jar;D:\software\maven\reposity\org\springframework\spring-core\5.0.8.RELEASE\spring-core-5.0.8.RELEASE.jar;D:\software\maven\reposity\org\springframework\spring-jcl\5.0.8.RELEASE\spring-jcl-5.0.8.RELEASE.jar;D:\software\maven\reposity\org\springframework\spring-test\5.0.8.RELEASE\spring-test-5.0.8.RELEASE.jar;D:\software\maven\reposity\org\xmlunit\xmlunit-core\2.5.1\xmlunit-core-2.5.1.jar;"/>
    <property name="sun.cpu.endian" value="little"/>
    <property name="user.home" value="C:\Users\chenmingyu"/>
    <property name="user.language" value="zh"/>
    <property name="java.specification.vendor" value="Oracle Corporation"/>
    <property name="java.home" value="D:\Program Files\Java\jdk1.8.0_144\jre"/>
    <property name="basedir" value="E:\project\my-springboot\springboot-mybatis-xml"/>
    <property name="file.separator" value="\"/>
    <property name="line.separator" value="&#10;"/>
    <property name="java.vm.specification.vendor" value="Oracle Corporation"/>
    <property name="java.specification.name" value="Java Platform API Specification"/>
    <property name="java.awt.graphicsenv" value="sun.awt.Win32GraphicsEnvironment"/>
    <property name="surefire.real.class.path" value="C:\Users\CHENMI~1\AppData\Local\Temp\surefire4840315408825780992\surefirebooter8852640711564485601.jar"/>
    <property name="sun.boot.class.path" value="D:\Program Files\Java\jdk1.8.0_144\jre\lib\resources.jar;D:\Program Files\Java\jdk1.8.0_144\jre\lib\rt.jar;D:\Program Files\Java\jdk1.8.0_144\jre\lib\sunrsasign.jar;D:\Program Files\Java\jdk1.8.0_144\jre\lib\jsse.jar;D:\Program Files\Java\jdk1.8.0_144\jre\lib\jce.jar;D:\Program Files\Java\jdk1.8.0_144\jre\lib\charsets.jar;D:\Program Files\Java\jdk1.8.0_144\jre\lib\jfr.jar;D:\Program Files\Java\jdk1.8.0_144\jre\classes"/>
    <property name="user.script" value=""/>
    <property name="sun.management.compiler" value="HotSpot Client Compiler"/>
    <property name="java.runtime.version" value="1.8.0_144-b01"/>
    <property name="user.name" value="chenmingyu"/>
    <property name="path.separator" value=";"/>
    <property name="os.version" value="6.1"/>
    <property name="java.endorsed.dirs" value="D:\Program Files\Java\jdk1.8.0_144\jre\lib\endorsed"/>
    <property name="java.runtime.name" value="Java(TM) SE Runtime Environment"/>
    <property name="file.encoding" value="GBK"/>
    <property name="java.vm.name" value="Java HotSpot(TM) Client VM"/>
    <property name="localRepository" value="D:\software\maven\reposity"/>
    <property name="java.vendor.url.bug" value="http://bugreport.sun.com/bugreport/"/>
    <property name="java.io.tmpdir" value="C:\Users\CHENMI~1\AppData\Local\Temp\"/>
    <property name="idea.version" value="2018.1.6"/>
    <property name="java.version" value="1.8.0_144"/>
    <property name="user.dir" value="E:\project\my-springboot\springboot-mybatis-xml"/>
    <property name="os.arch" value="x86"/>
    <property name="java.vm.specification.name" value="Java Virtual Machine Specification"/>
    <property name="java.awt.printerjob" value="sun.awt.windows.WPrinterJob"/>
    <property name="sun.os.patch.level" value="Service Pack 1"/>
    <property name="java.library.path" value="D:\Program Files\Java\jdk1.8.0_144\jre\bin;C:\windows\Sun\Java\bin;C:\windows\system32;C:\windows;C:\ProgramData\Oracle\Java\javapath;C:\Program Files (x86)\Intel\iCLS Client\;C:\Program Files\Intel\iCLS Client\;C:\windows\system32;C:\windows;C:\windows\System32\Wbem;C:\windows\System32\WindowsPowerShell\v1.0\;C:\Program Files\Intel\WiFi\bin\;C:\Program Files\Common Files\Intel\WirelessCommon\;C:\Program Files\Lenovo\Touch Fingerprint Software\;C:\Program Files (x86)\Intel\UCRT\;C:\Program Files\Intel\UCRT\;C:\Program Files (x86)\Intel\Intel(R) Management Engine Components\DAL;C:\Program Files\Intel\Intel(R) Management Engine Components\DAL;C:\Program Files (x86)\Intel\Intel(R) Management Engine Components\IPT;C:\Program Files\Intel\Intel(R) Management Engine Components\IPT;D:\Program Files\nodejs\;E:\Dapp\Geth;D:\Go\bin;D:\Program Files\TortoiseSVN\bin;D:\Program Files\python\Scripts\;D:\Program Files\python\;C:\Program Files\Intel\WiFi\bin\;C:\Program Files\Common Files\Intel\WirelessCommon\;D:\Program Files\Java\jdk1.8.0_144\bin;D:\Program Files\Java\jdk1.8.0_144\jre\bin;D:\Program Files\maven-3.5.3\bin;C:\Users\chenmingyu\AppData\Roaming\npm;C:\Users\chenmingyu\go\bin;."/>
    <property name="java.vm.info" value="mixed mode"/>
    <property name="java.vendor" value="Oracle Corporation"/>
    <property name="java.vm.version" value="25.144-b01"/>
    <property name="java.ext.dirs" value="D:\Program Files\Java\jdk1.8.0_144\jre\lib\ext;C:\windows\Sun\Java\lib\ext"/>
    <property name="sun.io.unicode.encoding" value="UnicodeLittle"/>
    <property name="java.class.version" value="52.0"/>
  </properties>
  <testcase name="testFindByName" classname="com.my.example.SpringbootMybatisApplicationTests" time="0.416"/>
</testsuite>